#! /c/Source/iverilog-install/bin/vvp
:ivl_version "12.0 (devel)" "(s20150603-1539-g2693dd32b)";
:ivl_delay_selection "TYPICAL";
:vpi_time_precision + 0;
:vpi_module "E:\iverilog\lib\ivl\system.vpi";
:vpi_module "E:\iverilog\lib\ivl\vhdl_sys.vpi";
:vpi_module "E:\iverilog\lib\ivl\vhdl_textio.vpi";
:vpi_module "E:\iverilog\lib\ivl\v2005_math.vpi";
:vpi_module "E:\iverilog\lib\ivl\va_math.vpi";
S_000002d47ef124d0 .scope module, "somadorCompleto" "somadorCompleto" 2 3;
 .timescale 0 0;
    .port_info 0 /INPUT 4 "A";
    .port_info 1 /INPUT 4 "B";
    .port_info 2 /INPUT 1 "Cin";
    .port_info 3 /OUTPUT 4 "S";
    .port_info 4 /OUTPUT 1 "Cout";
o000002d47ef46fd8 .functor BUFZ 4, C4<zzzz>; HiZ drive
v000002d47ef12cc0_0 .net "A", 3 0, o000002d47ef46fd8;  0 drivers
o000002d47ef47008 .functor BUFZ 4, C4<zzzz>; HiZ drive
v000002d47ef12660_0 .net "B", 3 0, o000002d47ef47008;  0 drivers
o000002d47ef47038 .functor BUFZ 1, C4<z>; HiZ drive
v000002d47ef12700_0 .net "Cin", 0 0, o000002d47ef47038;  0 drivers
v000002d47ef127a0_0 .net "Cout", 0 0, L_000002d47ef8bdc0;  1 drivers
v000002d47ef12840_0 .net "S", 3 0, L_000002d47ef8c680;  1 drivers
L_000002d47ef8cc90 .functor BUFT 1, C4<0>, C4<0>, C4<0>, C4<0>;
v000002d47ef128e0_0 .net *"_ivl_10", 0 0, L_000002d47ef8cc90;  1 drivers
v000002d47eefe3a0_0 .net *"_ivl_11", 4 0, L_000002d47ef8c040;  1 drivers
v000002d47eefe440_0 .net *"_ivl_13", 4 0, L_000002d47ef8c9a0;  1 drivers
L_000002d47ef8ccd8 .functor BUFT 1, C4<0000>, C4<0>, C4<0>, C4<0>;
v000002d47eefe4e0_0 .net *"_ivl_16", 3 0, L_000002d47ef8ccd8;  1 drivers
v000002d47eefe610_0 .net *"_ivl_17", 4 0, L_000002d47ef8ca40;  1 drivers
v000002d47eefe6b0_0 .net *"_ivl_3", 4 0, L_000002d47ef8c5e0;  1 drivers
L_000002d47ef8cc48 .functor BUFT 1, C4<0>, C4<0>, C4<0>, C4<0>;
v000002d47eefe750_0 .net *"_ivl_6", 0 0, L_000002d47ef8cc48;  1 drivers
v000002d47ef8c540_0 .net *"_ivl_7", 4 0, L_000002d47ef8c220;  1 drivers
L_000002d47ef8bdc0 .part L_000002d47ef8ca40, 4, 1;
L_000002d47ef8c680 .part L_000002d47ef8ca40, 0, 4;
L_000002d47ef8c5e0 .concat [ 4 1 0 0], o000002d47ef46fd8, L_000002d47ef8cc48;
L_000002d47ef8c220 .concat [ 4 1 0 0], o000002d47ef47008, L_000002d47ef8cc90;
L_000002d47ef8c040 .arith/sum 5, L_000002d47ef8c5e0, L_000002d47ef8c220;
L_000002d47ef8c9a0 .concat [ 1 4 0 0], o000002d47ef47038, L_000002d47ef8ccd8;
L_000002d47ef8ca40 .arith/sum 5, L_000002d47ef8c040, L_000002d47ef8c9a0;
# The file index is used to find the file name in the following table.
:file_names 3;
    "N/A";
    "<interactive>";
    "somadorcompleto.v";
