#! /c/Source/iverilog-install/bin/vvp
:ivl_version "12.0 (devel)" "(s20150603-1539-g2693dd32b)";
:ivl_delay_selection "TYPICAL";
:vpi_time_precision + 0;
:vpi_module "E:\iverilog\lib\ivl\system.vpi";
:vpi_module "E:\iverilog\lib\ivl\vhdl_sys.vpi";
:vpi_module "E:\iverilog\lib\ivl\vhdl_textio.vpi";
:vpi_module "E:\iverilog\lib\ivl\v2005_math.vpi";
:vpi_module "E:\iverilog\lib\ivl\va_math.vpi";
S_0000023941372df0 .scope module, "mux8x1_4b" "mux8x1_4b" 2 1;
 .timescale 0 0;
    .port_info 0 /INPUT 4 "i0";
    .port_info 1 /INPUT 4 "i1";
    .port_info 2 /INPUT 4 "i2";
    .port_info 3 /INPUT 4 "i3";
    .port_info 4 /INPUT 4 "i4";
    .port_info 5 /INPUT 4 "i5";
    .port_info 6 /INPUT 4 "i6";
    .port_info 7 /INPUT 4 "i7";
    .port_info 8 /INPUT 3 "s0";
    .port_info 9 /INPUT 3 "s1";
    .port_info 10 /INPUT 3 "s2";
    .port_info 11 /OUTPUT 4 "f";
o0000023941376498 .functor BUFZ 3, C4<zzz>; HiZ drive
L_000002394136e580 .functor NOT 3, o0000023941376498, C4<000>, C4<000>, C4<000>;
o0000023941376468 .functor BUFZ 3, C4<zzz>; HiZ drive
L_000002394136ef90 .functor NOT 3, o0000023941376468, C4<000>, C4<000>, C4<000>;
L_000002394136e270 .functor AND 3, L_000002394136e580, L_000002394136ef90, C4<111>, C4<111>;
o0000023941376438 .functor BUFZ 3, C4<zzz>; HiZ drive
L_000002394136eeb0 .functor NOT 3, o0000023941376438, C4<000>, C4<000>, C4<000>;
L_000002394136e900 .functor AND 3, L_000002394136e270, L_000002394136eeb0, C4<111>, C4<111>;
L_000002394136e660 .functor AND 3, L_000002394136e900, L_00000239413d7e90, C4<111>, C4<111>;
L_000002394136ed60 .functor NOT 3, o0000023941376498, C4<000>, C4<000>, C4<000>;
L_000002394136eb30 .functor NOT 3, o0000023941376468, C4<000>, C4<000>, C4<000>;
L_000002394136e5f0 .functor AND 3, L_000002394136ed60, L_000002394136eb30, C4<111>, C4<111>;
L_000002394136e2e0 .functor AND 3, L_000002394136e5f0, o0000023941376438, C4<111>, C4<111>;
L_000002394136ee40 .functor AND 3, L_000002394136e2e0, L_00000239413d6f90, C4<111>, C4<111>;
L_000002394136e6d0 .functor OR 3, L_000002394136e660, L_000002394136ee40, C4<000>, C4<000>;
L_000002394136ef20 .functor NOT 3, o0000023941376498, C4<000>, C4<000>, C4<000>;
L_000002394136e7b0 .functor AND 3, L_000002394136ef20, o0000023941376468, C4<111>, C4<111>;
L_000002394136f000 .functor NOT 3, o0000023941376438, C4<000>, C4<000>, C4<000>;
L_000002394136e740 .functor AND 3, L_000002394136e7b0, L_000002394136f000, C4<111>, C4<111>;
L_00000239413d9550 .functor AND 3, L_000002394136e740, L_00000239413d7fd0, C4<111>, C4<111>;
L_00000239413d9240 .functor OR 3, L_000002394136e6d0, L_00000239413d9550, C4<000>, C4<000>;
L_00000239413d9400 .functor NOT 3, o0000023941376498, C4<000>, C4<000>, C4<000>;
L_00000239413d96a0 .functor AND 3, L_00000239413d9400, o0000023941376468, C4<111>, C4<111>;
L_00000239413d9860 .functor AND 3, L_00000239413d96a0, o0000023941376438, C4<111>, C4<111>;
L_00000239413d9470 .functor AND 3, L_00000239413d9860, L_00000239413d7f30, C4<111>, C4<111>;
L_00000239413d99b0 .functor OR 3, L_00000239413d9240, L_00000239413d9470, C4<000>, C4<000>;
L_00000239413d9390 .functor NOT 3, o0000023941376468, C4<000>, C4<000>, C4<000>;
L_00000239413d9a90 .functor AND 3, o0000023941376498, L_00000239413d9390, C4<111>, C4<111>;
L_00000239413d9b00 .functor NOT 3, o0000023941376438, C4<000>, C4<000>, C4<000>;
L_00000239413d9e10 .functor AND 3, L_00000239413d9a90, L_00000239413d9b00, C4<111>, C4<111>;
L_00000239413d9cc0 .functor AND 3, L_00000239413d9e10, L_00000239413d6950, C4<111>, C4<111>;
L_00000239413d94e0 .functor OR 3, L_00000239413d99b0, L_00000239413d9cc0, C4<000>, C4<000>;
L_00000239413d9a20 .functor NOT 3, o0000023941376468, C4<000>, C4<000>, C4<000>;
L_00000239413d95c0 .functor AND 3, o0000023941376498, L_00000239413d9a20, C4<111>, C4<111>;
L_00000239413d9b70 .functor AND 3, L_00000239413d95c0, o0000023941376438, C4<111>, C4<111>;
L_00000239413d9630 .functor AND 3, L_00000239413d9b70, L_00000239413d7710, C4<111>, C4<111>;
L_00000239413d9710 .functor OR 3, L_00000239413d94e0, L_00000239413d9630, C4<000>, C4<000>;
L_00000239413d9da0 .functor AND 3, o0000023941376498, o0000023941376468, C4<111>, C4<111>;
L_00000239413d9be0 .functor NOT 3, o0000023941376438, C4<000>, C4<000>, C4<000>;
L_00000239413d9780 .functor AND 3, L_00000239413d9da0, L_00000239413d9be0, C4<111>, C4<111>;
L_00000239413d97f0 .functor AND 3, L_00000239413d9780, L_00000239413d6ef0, C4<111>, C4<111>;
L_00000239413d98d0 .functor OR 3, L_00000239413d9710, L_00000239413d97f0, C4<000>, C4<000>;
L_00000239413d92b0 .functor AND 3, o0000023941376498, o0000023941376468, C4<111>, C4<111>;
L_00000239413d9c50 .functor AND 3, L_00000239413d92b0, o0000023941376438, C4<111>, C4<111>;
L_00000239413d9e80 .functor AND 3, L_00000239413d9c50, L_00000239413d7170, C4<111>, C4<111>;
L_00000239413d9d30 .functor OR 3, L_00000239413d98d0, L_00000239413d9e80, C4<000>, C4<000>;
L_00000239413d9ef0 .functor NOT 3, o0000023941376498, C4<000>, C4<000>, C4<000>;
L_00000239413d9940 .functor NOT 3, o0000023941376468, C4<000>, C4<000>, C4<000>;
L_00000239413d9f60 .functor AND 3, L_00000239413d9ef0, L_00000239413d9940, C4<111>, C4<111>;
L_00000239413d9fd0 .functor NOT 3, o0000023941376438, C4<000>, C4<000>, C4<000>;
L_00000239413da040 .functor AND 3, L_00000239413d9f60, L_00000239413d9fd0, C4<111>, C4<111>;
L_00000239413d9160 .functor AND 3, L_00000239413da040, L_00000239413dd380, C4<111>, C4<111>;
L_00000239413d91d0 .functor NOT 3, o0000023941376498, C4<000>, C4<000>, C4<000>;
L_00000239413d9320 .functor NOT 3, o0000023941376468, C4<000>, C4<000>, C4<000>;
L_00000239413de260 .functor AND 3, L_00000239413d91d0, L_00000239413d9320, C4<111>, C4<111>;
L_00000239413de3b0 .functor AND 3, L_00000239413de260, o0000023941376438, C4<111>, C4<111>;
L_00000239413de730 .functor AND 3, L_00000239413de3b0, L_00000239413dcca0, C4<111>, C4<111>;
L_00000239413deea0 .functor OR 3, L_00000239413d9160, L_00000239413de730, C4<000>, C4<000>;
L_00000239413de7a0 .functor NOT 3, o0000023941376498, C4<000>, C4<000>, C4<000>;
L_00000239413def10 .functor AND 3, L_00000239413de7a0, o0000023941376468, C4<111>, C4<111>;
L_00000239413def80 .functor NOT 3, o0000023941376438, C4<000>, C4<000>, C4<000>;
L_00000239413de810 .functor AND 3, L_00000239413def10, L_00000239413def80, C4<111>, C4<111>;
L_00000239413deff0 .functor AND 3, L_00000239413de810, L_00000239413dd100, C4<111>, C4<111>;
L_00000239413de180 .functor OR 3, L_00000239413deea0, L_00000239413deff0, C4<000>, C4<000>;
L_00000239413de2d0 .functor NOT 3, o0000023941376498, C4<000>, C4<000>, C4<000>;
L_00000239413deb20 .functor AND 3, L_00000239413de2d0, o0000023941376468, C4<111>, C4<111>;
L_00000239413de880 .functor AND 3, L_00000239413deb20, o0000023941376438, C4<111>, C4<111>;
L_00000239413deb90 .functor AND 3, L_00000239413de880, L_00000239413ddec0, C4<111>, C4<111>;
L_00000239413de500 .functor OR 3, L_00000239413de180, L_00000239413deb90, C4<000>, C4<000>;
L_00000239413dee30 .functor NOT 3, o0000023941376468, C4<000>, C4<000>, C4<000>;
L_00000239413dea40 .functor AND 3, o0000023941376498, L_00000239413dee30, C4<111>, C4<111>;
L_00000239413de570 .functor NOT 3, o0000023941376438, C4<000>, C4<000>, C4<000>;
L_00000239413de960 .functor AND 3, L_00000239413dea40, L_00000239413de570, C4<111>, C4<111>;
L_00000239413df060 .functor AND 3, L_00000239413de960, L_00000239413dcac0, C4<111>, C4<111>;
L_00000239413de1f0 .functor OR 3, L_00000239413de500, L_00000239413df060, C4<000>, C4<000>;
L_00000239413dec00 .functor NOT 3, o0000023941376468, C4<000>, C4<000>, C4<000>;
L_00000239413dec70 .functor AND 3, o0000023941376498, L_00000239413dec00, C4<111>, C4<111>;
L_00000239413de420 .functor AND 3, L_00000239413dec70, o0000023941376438, C4<111>, C4<111>;
L_00000239413de340 .functor AND 3, L_00000239413de420, L_00000239413ddba0, C4<111>, C4<111>;
L_00000239413deab0 .functor OR 3, L_00000239413de1f0, L_00000239413de340, C4<000>, C4<000>;
L_00000239413de8f0 .functor AND 3, o0000023941376498, o0000023941376468, C4<111>, C4<111>;
L_00000239413de490 .functor NOT 3, o0000023941376438, C4<000>, C4<000>, C4<000>;
L_00000239413de5e0 .functor AND 3, L_00000239413de8f0, L_00000239413de490, C4<111>, C4<111>;
L_00000239413de9d0 .functor AND 3, L_00000239413de5e0, L_00000239413dde20, C4<111>, C4<111>;
L_00000239413dece0 .functor OR 3, L_00000239413deab0, L_00000239413de9d0, C4<000>, C4<000>;
L_00000239413ded50 .functor AND 3, o0000023941376498, o0000023941376468, C4<111>, C4<111>;
L_00000239413dedc0 .functor AND 3, L_00000239413ded50, o0000023941376438, C4<111>, C4<111>;
L_00000239413de650 .functor AND 3, L_00000239413dedc0, L_00000239413dca20, C4<111>, C4<111>;
L_00000239413de6c0 .functor OR 3, L_00000239413dece0, L_00000239413de650, C4<000>, C4<000>;
L_00000239413e1080 .functor NOT 3, o0000023941376498, C4<000>, C4<000>, C4<000>;
L_00000239413e08a0 .functor NOT 3, o0000023941376468, C4<000>, C4<000>, C4<000>;
L_00000239413e0d00 .functor AND 3, L_00000239413e1080, L_00000239413e08a0, C4<111>, C4<111>;
L_00000239413e0830 .functor NOT 3, o0000023941376438, C4<000>, C4<000>, C4<000>;
L_00000239413e0670 .functor AND 3, L_00000239413e0d00, L_00000239413e0830, C4<111>, C4<111>;
L_00000239413e0a60 .functor AND 3, L_00000239413e0670, L_00000239413dcb60, C4<111>, C4<111>;
L_00000239413e0b40 .functor NOT 3, o0000023941376498, C4<000>, C4<000>, C4<000>;
L_00000239413e06e0 .functor NOT 3, o0000023941376468, C4<000>, C4<000>, C4<000>;
L_00000239413e0ad0 .functor AND 3, L_00000239413e0b40, L_00000239413e06e0, C4<111>, C4<111>;
L_00000239413e0d70 .functor AND 3, L_00000239413e0ad0, o0000023941376438, C4<111>, C4<111>;
L_00000239413e04b0 .functor AND 3, L_00000239413e0d70, L_00000239413dd560, C4<111>, C4<111>;
L_00000239413e0de0 .functor OR 3, L_00000239413e0a60, L_00000239413e04b0, C4<000>, C4<000>;
L_00000239413e0fa0 .functor NOT 3, o0000023941376498, C4<000>, C4<000>, C4<000>;
L_00000239413e01a0 .functor AND 3, L_00000239413e0fa0, o0000023941376468, C4<111>, C4<111>;
L_00000239413e0750 .functor NOT 3, o0000023941376438, C4<000>, C4<000>, C4<000>;
L_00000239413e0210 .functor AND 3, L_00000239413e01a0, L_00000239413e0750, C4<111>, C4<111>;
L_00000239413e0e50 .functor AND 3, L_00000239413e0210, L_00000239413dd880, C4<111>, C4<111>;
L_00000239413e1010 .functor OR 3, L_00000239413e0de0, L_00000239413e0e50, C4<000>, C4<000>;
L_00000239413e0280 .functor NOT 3, o0000023941376498, C4<000>, C4<000>, C4<000>;
L_00000239413e0c20 .functor AND 3, L_00000239413e0280, o0000023941376468, C4<111>, C4<111>;
L_00000239413e0c90 .functor AND 3, L_00000239413e0c20, o0000023941376438, C4<111>, C4<111>;
L_00000239413e02f0 .functor AND 3, L_00000239413e0c90, L_00000239413dcd40, C4<111>, C4<111>;
L_00000239413e0ec0 .functor OR 3, L_00000239413e1010, L_00000239413e02f0, C4<000>, C4<000>;
L_00000239413e0910 .functor NOT 3, o0000023941376468, C4<000>, C4<000>, C4<000>;
L_00000239413e0360 .functor AND 3, o0000023941376498, L_00000239413e0910, C4<111>, C4<111>;
L_00000239413e03d0 .functor NOT 3, o0000023941376438, C4<000>, C4<000>, C4<000>;
L_00000239413e0440 .functor AND 3, L_00000239413e0360, L_00000239413e03d0, C4<111>, C4<111>;
L_00000239413e0520 .functor AND 3, L_00000239413e0440, L_00000239413dd060, C4<111>, C4<111>;
L_00000239413e0f30 .functor OR 3, L_00000239413e0ec0, L_00000239413e0520, C4<000>, C4<000>;
L_00000239413e0590 .functor NOT 3, o0000023941376468, C4<000>, C4<000>, C4<000>;
L_00000239413e0600 .functor AND 3, o0000023941376498, L_00000239413e0590, C4<111>, C4<111>;
L_00000239413e07c0 .functor AND 3, L_00000239413e0600, o0000023941376438, C4<111>, C4<111>;
L_00000239413e0bb0 .functor AND 3, L_00000239413e07c0, L_00000239413dd600, C4<111>, C4<111>;
L_00000239413e0980 .functor OR 3, L_00000239413e0f30, L_00000239413e0bb0, C4<000>, C4<000>;
L_00000239413e09f0 .functor AND 3, o0000023941376498, o0000023941376468, C4<111>, C4<111>;
L_00000239413e31c0 .functor NOT 3, o0000023941376438, C4<000>, C4<000>, C4<000>;
L_00000239413e3460 .functor AND 3, L_00000239413e09f0, L_00000239413e31c0, C4<111>, C4<111>;
L_00000239413e3f50 .functor AND 3, L_00000239413e3460, L_00000239413dd740, C4<111>, C4<111>;
L_00000239413e3cb0 .functor OR 3, L_00000239413e0980, L_00000239413e3f50, C4<000>, C4<000>;
L_00000239413e37e0 .functor AND 3, o0000023941376498, o0000023941376468, C4<111>, C4<111>;
L_00000239413e3e70 .functor AND 3, L_00000239413e37e0, o0000023941376438, C4<111>, C4<111>;
L_00000239413e3fc0 .functor AND 3, L_00000239413e3e70, L_00000239413dd7e0, C4<111>, C4<111>;
L_00000239413e34d0 .functor OR 3, L_00000239413e3cb0, L_00000239413e3fc0, C4<000>, C4<000>;
L_00000239413e3310 .functor NOT 3, o0000023941376498, C4<000>, C4<000>, C4<000>;
L_00000239413e3a80 .functor NOT 3, o0000023941376468, C4<000>, C4<000>, C4<000>;
L_00000239413e3b60 .functor AND 3, L_00000239413e3310, L_00000239413e3a80, C4<111>, C4<111>;
L_00000239413e3230 .functor NOT 3, o0000023941376438, C4<000>, C4<000>, C4<000>;
L_00000239413e32a0 .functor AND 3, L_00000239413e3b60, L_00000239413e3230, C4<111>, C4<111>;
L_00000239413e39a0 .functor AND 3, L_00000239413e32a0, L_00000239413dda60, C4<111>, C4<111>;
L_00000239413e3850 .functor NOT 3, o0000023941376498, C4<000>, C4<000>, C4<000>;
L_00000239413e3e00 .functor NOT 3, o0000023941376468, C4<000>, C4<000>, C4<000>;
L_00000239413e3380 .functor AND 3, L_00000239413e3850, L_00000239413e3e00, C4<111>, C4<111>;
L_00000239413e3a10 .functor AND 3, L_00000239413e3380, o0000023941376438, C4<111>, C4<111>;
L_00000239413e33f0 .functor AND 3, L_00000239413e3a10, L_00000239413da180, C4<111>, C4<111>;
L_00000239413e35b0 .functor OR 3, L_00000239413e39a0, L_00000239413e33f0, C4<000>, C4<000>;
L_00000239413e3af0 .functor NOT 3, o0000023941376498, C4<000>, C4<000>, C4<000>;
L_00000239413e3bd0 .functor AND 3, L_00000239413e3af0, o0000023941376468, C4<111>, C4<111>;
L_00000239413e3540 .functor NOT 3, o0000023941376438, C4<000>, C4<000>, C4<000>;
L_00000239413e3620 .functor AND 3, L_00000239413e3bd0, L_00000239413e3540, C4<111>, C4<111>;
L_00000239413e3690 .functor AND 3, L_00000239413e3620, L_00000239413dc200, C4<111>, C4<111>;
L_00000239413e3ee0 .functor OR 3, L_00000239413e35b0, L_00000239413e3690, C4<000>, C4<000>;
L_00000239413e3700 .functor NOT 3, o0000023941376498, C4<000>, C4<000>, C4<000>;
L_00000239413e4030 .functor AND 3, L_00000239413e3700, o0000023941376468, C4<111>, C4<111>;
L_00000239413e38c0 .functor AND 3, L_00000239413e4030, o0000023941376438, C4<111>, C4<111>;
L_00000239413e40a0 .functor AND 3, L_00000239413e38c0, L_00000239413da9a0, C4<111>, C4<111>;
L_00000239413e3770 .functor OR 3, L_00000239413e3ee0, L_00000239413e40a0, C4<000>, C4<000>;
L_00000239413e3930 .functor NOT 3, o0000023941376468, C4<000>, C4<000>, C4<000>;
L_00000239413e3c40 .functor AND 3, o0000023941376498, L_00000239413e3930, C4<111>, C4<111>;
L_00000239413e3d20 .functor NOT 3, o0000023941376438, C4<000>, C4<000>, C4<000>;
L_00000239413e3d90 .functor AND 3, L_00000239413e3c40, L_00000239413e3d20, C4<111>, C4<111>;
L_00000239413e5f90 .functor AND 3, L_00000239413e3d90, L_00000239413da220, C4<111>, C4<111>;
L_00000239413e5eb0 .functor OR 3, L_00000239413e3770, L_00000239413e5f90, C4<000>, C4<000>;
L_00000239413e5f20 .functor NOT 3, o0000023941376468, C4<000>, C4<000>, C4<000>;
L_00000239413e5e40 .functor AND 3, o0000023941376498, L_00000239413e5f20, C4<111>, C4<111>;
L_00000239413e60e0 .functor AND 3, L_00000239413e5e40, o0000023941376438, C4<111>, C4<111>;
L_00000239413e5dd0 .functor AND 3, L_00000239413e60e0, L_00000239413dbe40, C4<111>, C4<111>;
L_00000239413e6000 .functor OR 3, L_00000239413e5eb0, L_00000239413e5dd0, C4<000>, C4<000>;
L_00000239413e6070 .functor AND 3, o0000023941376498, o0000023941376468, C4<111>, C4<111>;
L_00000239413e4550 .functor NOT 3, o0000023941376438, C4<000>, C4<000>, C4<000>;
L_00000239413e5580 .functor AND 3, L_00000239413e6070, L_00000239413e4550, C4<111>, C4<111>;
L_00000239413e4fd0 .functor AND 3, L_00000239413e5580, L_00000239413dc2a0, C4<111>, C4<111>;
L_00000239413e5040 .functor OR 3, L_00000239413e6000, L_00000239413e4fd0, C4<000>, C4<000>;
L_00000239413e4be0 .functor AND 3, o0000023941376498, o0000023941376468, C4<111>, C4<111>;
L_00000239413e47f0 .functor AND 3, L_00000239413e4be0, o0000023941376438, C4<111>, C4<111>;
L_00000239413e5120 .functor AND 3, L_00000239413e47f0, L_00000239413daa40, C4<111>, C4<111>;
L_00000239413e44e0 .functor OR 3, L_00000239413e5040, L_00000239413e5120, C4<000>, C4<000>;
v0000023941368070_0 .net *"_ivl_10", 2 0, L_000002394136e900;  1 drivers
L_00000239413f01f0 .functor BUFT 1, C4<00>, C4<0>, C4<0>, C4<0>;
v00000239413cb970_0 .net *"_ivl_101", 1 0, L_00000239413f01f0;  1 drivers
v00000239413ca9d0_0 .net *"_ivl_102", 2 0, L_00000239413d9630;  1 drivers
v00000239413cbe70_0 .net *"_ivl_104", 2 0, L_00000239413d9710;  1 drivers
v00000239413cbf10_0 .net *"_ivl_106", 2 0, L_00000239413d9da0;  1 drivers
v00000239413ca6b0_0 .net *"_ivl_108", 2 0, L_00000239413d9be0;  1 drivers
v00000239413cb470_0 .net *"_ivl_110", 2 0, L_00000239413d9780;  1 drivers
v00000239413cbfb0_0 .net *"_ivl_113", 0 0, L_00000239413d6e50;  1 drivers
v00000239413cc050_0 .net *"_ivl_114", 2 0, L_00000239413d6ef0;  1 drivers
L_00000239413f0238 .functor BUFT 1, C4<00>, C4<0>, C4<0>, C4<0>;
v00000239413cb1f0_0 .net *"_ivl_117", 1 0, L_00000239413f0238;  1 drivers
v00000239413cb330_0 .net *"_ivl_118", 2 0, L_00000239413d97f0;  1 drivers
v00000239413cb3d0_0 .net *"_ivl_120", 2 0, L_00000239413d98d0;  1 drivers
v00000239413cc0f0_0 .net *"_ivl_122", 2 0, L_00000239413d92b0;  1 drivers
v00000239413ca930_0 .net *"_ivl_124", 2 0, L_00000239413d9c50;  1 drivers
v00000239413cb290_0 .net *"_ivl_127", 0 0, L_00000239413d70d0;  1 drivers
v00000239413cb0b0_0 .net *"_ivl_128", 2 0, L_00000239413d7170;  1 drivers
v00000239413cc190_0 .net *"_ivl_13", 0 0, L_00000239413d7cb0;  1 drivers
L_00000239413f0280 .functor BUFT 1, C4<00>, C4<0>, C4<0>, C4<0>;
v00000239413ca750_0 .net *"_ivl_131", 1 0, L_00000239413f0280;  1 drivers
v00000239413caa70_0 .net *"_ivl_132", 2 0, L_00000239413d9e80;  1 drivers
v00000239413cb830_0 .net *"_ivl_134", 2 0, L_00000239413d9d30;  1 drivers
v00000239413cad90_0 .net *"_ivl_137", 0 0, L_00000239413d78f0;  1 drivers
v00000239413cbab0_0 .net *"_ivl_14", 2 0, L_00000239413d7e90;  1 drivers
v00000239413cc230_0 .net *"_ivl_140", 2 0, L_00000239413d9ef0;  1 drivers
v00000239413ca570_0 .net *"_ivl_142", 2 0, L_00000239413d9940;  1 drivers
v00000239413cc2d0_0 .net *"_ivl_144", 2 0, L_00000239413d9f60;  1 drivers
v00000239413cbb50_0 .net *"_ivl_146", 2 0, L_00000239413d9fd0;  1 drivers
v00000239413caed0_0 .net *"_ivl_148", 2 0, L_00000239413da040;  1 drivers
v00000239413cbbf0_0 .net *"_ivl_151", 0 0, L_00000239413d7990;  1 drivers
v00000239413ca4d0_0 .net *"_ivl_152", 2 0, L_00000239413dd380;  1 drivers
L_00000239413f02c8 .functor BUFT 1, C4<00>, C4<0>, C4<0>, C4<0>;
v00000239413caf70_0 .net *"_ivl_155", 1 0, L_00000239413f02c8;  1 drivers
v00000239413ca610_0 .net *"_ivl_156", 2 0, L_00000239413d9160;  1 drivers
v00000239413cb510_0 .net *"_ivl_158", 2 0, L_00000239413d91d0;  1 drivers
v00000239413cb010_0 .net *"_ivl_160", 2 0, L_00000239413d9320;  1 drivers
v00000239413cbc90_0 .net *"_ivl_162", 2 0, L_00000239413de260;  1 drivers
v00000239413ca7f0_0 .net *"_ivl_164", 2 0, L_00000239413de3b0;  1 drivers
v00000239413cb5b0_0 .net *"_ivl_167", 0 0, L_00000239413ddce0;  1 drivers
v00000239413cab10_0 .net *"_ivl_168", 2 0, L_00000239413dcca0;  1 drivers
L_00000239413f0088 .functor BUFT 1, C4<00>, C4<0>, C4<0>, C4<0>;
v00000239413cb650_0 .net *"_ivl_17", 1 0, L_00000239413f0088;  1 drivers
L_00000239413f0310 .functor BUFT 1, C4<00>, C4<0>, C4<0>, C4<0>;
v00000239413cb150_0 .net *"_ivl_171", 1 0, L_00000239413f0310;  1 drivers
v00000239413cb6f0_0 .net *"_ivl_172", 2 0, L_00000239413de730;  1 drivers
v00000239413cc370_0 .net *"_ivl_174", 2 0, L_00000239413deea0;  1 drivers
v00000239413cb790_0 .net *"_ivl_176", 2 0, L_00000239413de7a0;  1 drivers
v00000239413ca890_0 .net *"_ivl_178", 2 0, L_00000239413def10;  1 drivers
v00000239413cabb0_0 .net *"_ivl_18", 2 0, L_000002394136e660;  1 drivers
v00000239413cb8d0_0 .net *"_ivl_180", 2 0, L_00000239413def80;  1 drivers
v00000239413cba10_0 .net *"_ivl_182", 2 0, L_00000239413de810;  1 drivers
v00000239413cbd30_0 .net *"_ivl_185", 0 0, L_00000239413ddc40;  1 drivers
v00000239413cac50_0 .net *"_ivl_186", 2 0, L_00000239413dd100;  1 drivers
L_00000239413f0358 .functor BUFT 1, C4<00>, C4<0>, C4<0>, C4<0>;
v00000239413cacf0_0 .net *"_ivl_189", 1 0, L_00000239413f0358;  1 drivers
v00000239413cae30_0 .net *"_ivl_190", 2 0, L_00000239413deff0;  1 drivers
v00000239413cbdd0_0 .net *"_ivl_192", 2 0, L_00000239413de180;  1 drivers
v00000239413ce7b0_0 .net *"_ivl_194", 2 0, L_00000239413de2d0;  1 drivers
v00000239413cee90_0 .net *"_ivl_196", 2 0, L_00000239413deb20;  1 drivers
v00000239413cdb30_0 .net *"_ivl_198", 2 0, L_00000239413de880;  1 drivers
v00000239413cef30_0 .net *"_ivl_2", 2 0, L_000002394136e580;  1 drivers
v00000239413cf110_0 .net *"_ivl_20", 2 0, L_000002394136ed60;  1 drivers
v00000239413ce210_0 .net *"_ivl_201", 0 0, L_00000239413ddd80;  1 drivers
v00000239413cd9f0_0 .net *"_ivl_202", 2 0, L_00000239413ddec0;  1 drivers
L_00000239413f03a0 .functor BUFT 1, C4<00>, C4<0>, C4<0>, C4<0>;
v00000239413cdbd0_0 .net *"_ivl_205", 1 0, L_00000239413f03a0;  1 drivers
v00000239413cdf90_0 .net *"_ivl_206", 2 0, L_00000239413deb90;  1 drivers
v00000239413cf1b0_0 .net *"_ivl_208", 2 0, L_00000239413de500;  1 drivers
v00000239413cf070_0 .net *"_ivl_210", 2 0, L_00000239413dee30;  1 drivers
v00000239413cf250_0 .net *"_ivl_212", 2 0, L_00000239413dea40;  1 drivers
v00000239413cf2f0_0 .net *"_ivl_214", 2 0, L_00000239413de570;  1 drivers
v00000239413cd630_0 .net *"_ivl_216", 2 0, L_00000239413de960;  1 drivers
v00000239413ce990_0 .net *"_ivl_219", 0 0, L_00000239413dd1a0;  1 drivers
v00000239413cd6d0_0 .net *"_ivl_22", 2 0, L_000002394136eb30;  1 drivers
v00000239413ce670_0 .net *"_ivl_220", 2 0, L_00000239413dcac0;  1 drivers
L_00000239413f03e8 .functor BUFT 1, C4<00>, C4<0>, C4<0>, C4<0>;
v00000239413cde50_0 .net *"_ivl_223", 1 0, L_00000239413f03e8;  1 drivers
v00000239413cead0_0 .net *"_ivl_224", 2 0, L_00000239413df060;  1 drivers
v00000239413cd770_0 .net *"_ivl_226", 2 0, L_00000239413de1f0;  1 drivers
v00000239413ce8f0_0 .net *"_ivl_228", 2 0, L_00000239413dec00;  1 drivers
v00000239413cd950_0 .net *"_ivl_230", 2 0, L_00000239413dec70;  1 drivers
v00000239413cda90_0 .net *"_ivl_232", 2 0, L_00000239413de420;  1 drivers
v00000239413cdef0_0 .net *"_ivl_235", 0 0, L_00000239413dc980;  1 drivers
v00000239413cf390_0 .net *"_ivl_236", 2 0, L_00000239413ddba0;  1 drivers
L_00000239413f0430 .functor BUFT 1, C4<00>, C4<0>, C4<0>, C4<0>;
v00000239413cdc70_0 .net *"_ivl_239", 1 0, L_00000239413f0430;  1 drivers
v00000239413ceb70_0 .net *"_ivl_24", 2 0, L_000002394136e5f0;  1 drivers
v00000239413ce030_0 .net *"_ivl_240", 2 0, L_00000239413de340;  1 drivers
v00000239413cd810_0 .net *"_ivl_242", 2 0, L_00000239413deab0;  1 drivers
v00000239413cd4f0_0 .net *"_ivl_244", 2 0, L_00000239413de8f0;  1 drivers
v00000239413cddb0_0 .net *"_ivl_246", 2 0, L_00000239413de490;  1 drivers
v00000239413ce0d0_0 .net *"_ivl_248", 2 0, L_00000239413de5e0;  1 drivers
v00000239413cefd0_0 .net *"_ivl_251", 0 0, L_00000239413dd2e0;  1 drivers
v00000239413cd590_0 .net *"_ivl_252", 2 0, L_00000239413dde20;  1 drivers
L_00000239413f0478 .functor BUFT 1, C4<00>, C4<0>, C4<0>, C4<0>;
v00000239413ce850_0 .net *"_ivl_255", 1 0, L_00000239413f0478;  1 drivers
v00000239413cdd10_0 .net *"_ivl_256", 2 0, L_00000239413de9d0;  1 drivers
v00000239413cd8b0_0 .net *"_ivl_258", 2 0, L_00000239413dece0;  1 drivers
v00000239413ce170_0 .net *"_ivl_26", 2 0, L_000002394136e2e0;  1 drivers
v00000239413ce2b0_0 .net *"_ivl_260", 2 0, L_00000239413ded50;  1 drivers
v00000239413ce350_0 .net *"_ivl_262", 2 0, L_00000239413dedc0;  1 drivers
v00000239413ce3f0_0 .net *"_ivl_265", 0 0, L_00000239413dd420;  1 drivers
v00000239413ce490_0 .net *"_ivl_266", 2 0, L_00000239413dca20;  1 drivers
L_00000239413f04c0 .functor BUFT 1, C4<00>, C4<0>, C4<0>, C4<0>;
v00000239413ce530_0 .net *"_ivl_269", 1 0, L_00000239413f04c0;  1 drivers
v00000239413cec10_0 .net *"_ivl_270", 2 0, L_00000239413de650;  1 drivers
v00000239413ce5d0_0 .net *"_ivl_272", 2 0, L_00000239413de6c0;  1 drivers
v00000239413ce710_0 .net *"_ivl_275", 0 0, L_00000239413ddf60;  1 drivers
v00000239413cea30_0 .net *"_ivl_278", 2 0, L_00000239413e1080;  1 drivers
v00000239413cecb0_0 .net *"_ivl_280", 2 0, L_00000239413e08a0;  1 drivers
v00000239413ced50_0 .net *"_ivl_282", 2 0, L_00000239413e0d00;  1 drivers
v00000239413cedf0_0 .net *"_ivl_284", 2 0, L_00000239413e0830;  1 drivers
v00000239413d15d0_0 .net *"_ivl_286", 2 0, L_00000239413e0670;  1 drivers
v00000239413d1670_0 .net *"_ivl_289", 0 0, L_00000239413dd4c0;  1 drivers
v00000239413cf910_0 .net *"_ivl_29", 0 0, L_00000239413d7850;  1 drivers
v00000239413d0bd0_0 .net *"_ivl_290", 2 0, L_00000239413dcb60;  1 drivers
L_00000239413f0508 .functor BUFT 1, C4<00>, C4<0>, C4<0>, C4<0>;
v00000239413d0a90_0 .net *"_ivl_293", 1 0, L_00000239413f0508;  1 drivers
v00000239413cff50_0 .net *"_ivl_294", 2 0, L_00000239413e0a60;  1 drivers
v00000239413cfcd0_0 .net *"_ivl_296", 2 0, L_00000239413e0b40;  1 drivers
v00000239413d0c70_0 .net *"_ivl_298", 2 0, L_00000239413e06e0;  1 drivers
v00000239413d06d0_0 .net *"_ivl_30", 2 0, L_00000239413d6f90;  1 drivers
v00000239413cfd70_0 .net *"_ivl_300", 2 0, L_00000239413e0ad0;  1 drivers
v00000239413d0ef0_0 .net *"_ivl_302", 2 0, L_00000239413e0d70;  1 drivers
v00000239413d0b30_0 .net *"_ivl_305", 0 0, L_00000239413dce80;  1 drivers
v00000239413d1710_0 .net *"_ivl_306", 2 0, L_00000239413dd560;  1 drivers
L_00000239413f0550 .functor BUFT 1, C4<00>, C4<0>, C4<0>, C4<0>;
v00000239413d0d10_0 .net *"_ivl_309", 1 0, L_00000239413f0550;  1 drivers
v00000239413d1350_0 .net *"_ivl_310", 2 0, L_00000239413e04b0;  1 drivers
v00000239413d13f0_0 .net *"_ivl_312", 2 0, L_00000239413e0de0;  1 drivers
v00000239413d0630_0 .net *"_ivl_314", 2 0, L_00000239413e0fa0;  1 drivers
v00000239413d09f0_0 .net *"_ivl_316", 2 0, L_00000239413e01a0;  1 drivers
v00000239413d03b0_0 .net *"_ivl_318", 2 0, L_00000239413e0750;  1 drivers
v00000239413cfe10_0 .net *"_ivl_320", 2 0, L_00000239413e0210;  1 drivers
v00000239413d0f90_0 .net *"_ivl_323", 0 0, L_00000239413dcf20;  1 drivers
v00000239413cfa50_0 .net *"_ivl_324", 2 0, L_00000239413dd880;  1 drivers
L_00000239413f0598 .functor BUFT 1, C4<00>, C4<0>, C4<0>, C4<0>;
v00000239413d0db0_0 .net *"_ivl_327", 1 0, L_00000239413f0598;  1 drivers
v00000239413d1490_0 .net *"_ivl_328", 2 0, L_00000239413e0e50;  1 drivers
L_00000239413f00d0 .functor BUFT 1, C4<00>, C4<0>, C4<0>, C4<0>;
v00000239413d0e50_0 .net *"_ivl_33", 1 0, L_00000239413f00d0;  1 drivers
v00000239413d1030_0 .net *"_ivl_330", 2 0, L_00000239413e1010;  1 drivers
v00000239413d17b0_0 .net *"_ivl_332", 2 0, L_00000239413e0280;  1 drivers
v00000239413d0810_0 .net *"_ivl_334", 2 0, L_00000239413e0c20;  1 drivers
v00000239413d0450_0 .net *"_ivl_336", 2 0, L_00000239413e0c90;  1 drivers
v00000239413cfb90_0 .net *"_ivl_339", 0 0, L_00000239413dcfc0;  1 drivers
v00000239413cf9b0_0 .net *"_ivl_34", 2 0, L_000002394136ee40;  1 drivers
v00000239413cfaf0_0 .net *"_ivl_340", 2 0, L_00000239413dcd40;  1 drivers
L_00000239413f05e0 .functor BUFT 1, C4<00>, C4<0>, C4<0>, C4<0>;
v00000239413cfc30_0 .net *"_ivl_343", 1 0, L_00000239413f05e0;  1 drivers
v00000239413d08b0_0 .net *"_ivl_344", 2 0, L_00000239413e02f0;  1 drivers
v00000239413d0770_0 .net *"_ivl_346", 2 0, L_00000239413e0ec0;  1 drivers
v00000239413d0270_0 .net *"_ivl_348", 2 0, L_00000239413e0910;  1 drivers
v00000239413d01d0_0 .net *"_ivl_350", 2 0, L_00000239413e0360;  1 drivers
v00000239413cfff0_0 .net *"_ivl_352", 2 0, L_00000239413e03d0;  1 drivers
v00000239413d0090_0 .net *"_ivl_354", 2 0, L_00000239413e0440;  1 drivers
v00000239413cfeb0_0 .net *"_ivl_357", 0 0, L_00000239413dd240;  1 drivers
v00000239413d0130_0 .net *"_ivl_358", 2 0, L_00000239413dd060;  1 drivers
v00000239413d0310_0 .net *"_ivl_36", 2 0, L_000002394136e6d0;  1 drivers
L_00000239413f0628 .functor BUFT 1, C4<00>, C4<0>, C4<0>, C4<0>;
v00000239413d04f0_0 .net *"_ivl_361", 1 0, L_00000239413f0628;  1 drivers
v00000239413d12b0_0 .net *"_ivl_362", 2 0, L_00000239413e0520;  1 drivers
v00000239413d0590_0 .net *"_ivl_364", 2 0, L_00000239413e0f30;  1 drivers
v00000239413d0950_0 .net *"_ivl_366", 2 0, L_00000239413e0590;  1 drivers
v00000239413d10d0_0 .net *"_ivl_368", 2 0, L_00000239413e0600;  1 drivers
v00000239413d1530_0 .net *"_ivl_370", 2 0, L_00000239413e07c0;  1 drivers
v00000239413d1170_0 .net *"_ivl_373", 0 0, L_00000239413dcde0;  1 drivers
v00000239413d1210_0 .net *"_ivl_374", 2 0, L_00000239413dd600;  1 drivers
L_00000239413f0670 .functor BUFT 1, C4<00>, C4<0>, C4<0>, C4<0>;
v00000239413d2130_0 .net *"_ivl_377", 1 0, L_00000239413f0670;  1 drivers
v00000239413d2270_0 .net *"_ivl_378", 2 0, L_00000239413e0bb0;  1 drivers
v00000239413d21d0_0 .net *"_ivl_38", 2 0, L_000002394136ef20;  1 drivers
v00000239413d2c70_0 .net *"_ivl_380", 2 0, L_00000239413e0980;  1 drivers
v00000239413d2310_0 .net *"_ivl_382", 2 0, L_00000239413e09f0;  1 drivers
v00000239413d30d0_0 .net *"_ivl_384", 2 0, L_00000239413e31c0;  1 drivers
v00000239413d2bd0_0 .net *"_ivl_386", 2 0, L_00000239413e3460;  1 drivers
v00000239413d3670_0 .net *"_ivl_389", 0 0, L_00000239413dd6a0;  1 drivers
v00000239413d23b0_0 .net *"_ivl_390", 2 0, L_00000239413dd740;  1 drivers
L_00000239413f06b8 .functor BUFT 1, C4<00>, C4<0>, C4<0>, C4<0>;
v00000239413d3170_0 .net *"_ivl_393", 1 0, L_00000239413f06b8;  1 drivers
v00000239413d24f0_0 .net *"_ivl_394", 2 0, L_00000239413e3f50;  1 drivers
v00000239413d3210_0 .net *"_ivl_396", 2 0, L_00000239413e3cb0;  1 drivers
v00000239413d2d10_0 .net *"_ivl_398", 2 0, L_00000239413e37e0;  1 drivers
v00000239413d2e50_0 .net *"_ivl_4", 2 0, L_000002394136ef90;  1 drivers
v00000239413d3d50_0 .net *"_ivl_40", 2 0, L_000002394136e7b0;  1 drivers
v00000239413d32b0_0 .net *"_ivl_400", 2 0, L_00000239413e3e70;  1 drivers
v00000239413d3b70_0 .net *"_ivl_403", 0 0, L_00000239413dd920;  1 drivers
v00000239413d2450_0 .net *"_ivl_404", 2 0, L_00000239413dd7e0;  1 drivers
L_00000239413f0700 .functor BUFT 1, C4<00>, C4<0>, C4<0>, C4<0>;
v00000239413d3350_0 .net *"_ivl_407", 1 0, L_00000239413f0700;  1 drivers
v00000239413d28b0_0 .net *"_ivl_408", 2 0, L_00000239413e3fc0;  1 drivers
v00000239413d3cb0_0 .net *"_ivl_410", 2 0, L_00000239413e34d0;  1 drivers
v00000239413d2590_0 .net *"_ivl_413", 0 0, L_00000239413dcc00;  1 drivers
v00000239413d3ad0_0 .net *"_ivl_417", 2 0, L_00000239413e3310;  1 drivers
v00000239413d3df0_0 .net *"_ivl_419", 2 0, L_00000239413e3a80;  1 drivers
v00000239413d35d0_0 .net *"_ivl_42", 2 0, L_000002394136f000;  1 drivers
v00000239413d3a30_0 .net *"_ivl_421", 2 0, L_00000239413e3b60;  1 drivers
v00000239413d3e90_0 .net *"_ivl_423", 2 0, L_00000239413e3230;  1 drivers
v00000239413d2810_0 .net *"_ivl_425", 2 0, L_00000239413e32a0;  1 drivers
v00000239413d2630_0 .net *"_ivl_428", 0 0, L_00000239413de000;  1 drivers
v00000239413d3850_0 .net *"_ivl_429", 2 0, L_00000239413dda60;  1 drivers
L_00000239413f0748 .functor BUFT 1, C4<00>, C4<0>, C4<0>, C4<0>;
v00000239413d2b30_0 .net *"_ivl_432", 1 0, L_00000239413f0748;  1 drivers
v00000239413d29f0_0 .net *"_ivl_433", 2 0, L_00000239413e39a0;  1 drivers
v00000239413d3fd0_0 .net *"_ivl_435", 2 0, L_00000239413e3850;  1 drivers
v00000239413d2db0_0 .net *"_ivl_437", 2 0, L_00000239413e3e00;  1 drivers
v00000239413d2ef0_0 .net *"_ivl_439", 2 0, L_00000239413e3380;  1 drivers
v00000239413d26d0_0 .net *"_ivl_44", 2 0, L_000002394136e740;  1 drivers
v00000239413d2a90_0 .net *"_ivl_441", 2 0, L_00000239413e3a10;  1 drivers
v00000239413d33f0_0 .net *"_ivl_444", 0 0, L_00000239413ddb00;  1 drivers
v00000239413d2950_0 .net *"_ivl_445", 2 0, L_00000239413da180;  1 drivers
L_00000239413f0790 .functor BUFT 1, C4<00>, C4<0>, C4<0>, C4<0>;
v00000239413d38f0_0 .net *"_ivl_448", 1 0, L_00000239413f0790;  1 drivers
v00000239413d2f90_0 .net *"_ivl_449", 2 0, L_00000239413e33f0;  1 drivers
v00000239413d3490_0 .net *"_ivl_451", 2 0, L_00000239413e35b0;  1 drivers
v00000239413d3710_0 .net *"_ivl_453", 2 0, L_00000239413e3af0;  1 drivers
v00000239413d2770_0 .net *"_ivl_455", 2 0, L_00000239413e3bd0;  1 drivers
v00000239413d3030_0 .net *"_ivl_457", 2 0, L_00000239413e3540;  1 drivers
v00000239413d3f30_0 .net *"_ivl_459", 2 0, L_00000239413e3620;  1 drivers
v00000239413d3530_0 .net *"_ivl_462", 0 0, L_00000239413da540;  1 drivers
v00000239413d37b0_0 .net *"_ivl_463", 2 0, L_00000239413dc200;  1 drivers
L_00000239413f07d8 .functor BUFT 1, C4<00>, C4<0>, C4<0>, C4<0>;
v00000239413d3990_0 .net *"_ivl_466", 1 0, L_00000239413f07d8;  1 drivers
v00000239413d3c10_0 .net *"_ivl_467", 2 0, L_00000239413e3690;  1 drivers
v00000239413d66d0_0 .net *"_ivl_469", 2 0, L_00000239413e3ee0;  1 drivers
v00000239413d5230_0 .net *"_ivl_47", 0 0, L_00000239413d75d0;  1 drivers
v00000239413d4830_0 .net *"_ivl_471", 2 0, L_00000239413e3700;  1 drivers
v00000239413d4a10_0 .net *"_ivl_473", 2 0, L_00000239413e4030;  1 drivers
v00000239413d64f0_0 .net *"_ivl_475", 2 0, L_00000239413e38c0;  1 drivers
v00000239413d54b0_0 .net *"_ivl_478", 0 0, L_00000239413db4e0;  1 drivers
v00000239413d6450_0 .net *"_ivl_479", 2 0, L_00000239413da9a0;  1 drivers
v00000239413d6630_0 .net *"_ivl_48", 2 0, L_00000239413d7fd0;  1 drivers
L_00000239413f0820 .functor BUFT 1, C4<00>, C4<0>, C4<0>, C4<0>;
v00000239413d6810_0 .net *"_ivl_482", 1 0, L_00000239413f0820;  1 drivers
v00000239413d4330_0 .net *"_ivl_483", 2 0, L_00000239413e40a0;  1 drivers
v00000239413d5b90_0 .net *"_ivl_485", 2 0, L_00000239413e3770;  1 drivers
v00000239413d43d0_0 .net *"_ivl_487", 2 0, L_00000239413e3930;  1 drivers
v00000239413d57d0_0 .net *"_ivl_489", 2 0, L_00000239413e3c40;  1 drivers
v00000239413d4d30_0 .net *"_ivl_491", 2 0, L_00000239413e3d20;  1 drivers
v00000239413d5e10_0 .net *"_ivl_493", 2 0, L_00000239413e3d90;  1 drivers
v00000239413d4510_0 .net *"_ivl_496", 0 0, L_00000239413dc660;  1 drivers
v00000239413d5c30_0 .net *"_ivl_497", 2 0, L_00000239413da220;  1 drivers
L_00000239413f0868 .functor BUFT 1, C4<00>, C4<0>, C4<0>, C4<0>;
v00000239413d46f0_0 .net *"_ivl_500", 1 0, L_00000239413f0868;  1 drivers
v00000239413d48d0_0 .net *"_ivl_501", 2 0, L_00000239413e5f90;  1 drivers
v00000239413d4e70_0 .net *"_ivl_503", 2 0, L_00000239413e5eb0;  1 drivers
v00000239413d6590_0 .net *"_ivl_505", 2 0, L_00000239413e5f20;  1 drivers
v00000239413d4790_0 .net *"_ivl_507", 2 0, L_00000239413e5e40;  1 drivers
v00000239413d5eb0_0 .net *"_ivl_509", 2 0, L_00000239413e60e0;  1 drivers
L_00000239413f0118 .functor BUFT 1, C4<00>, C4<0>, C4<0>, C4<0>;
v00000239413d5050_0 .net *"_ivl_51", 1 0, L_00000239413f0118;  1 drivers
v00000239413d4470_0 .net *"_ivl_512", 0 0, L_00000239413da900;  1 drivers
v00000239413d6770_0 .net *"_ivl_513", 2 0, L_00000239413dbe40;  1 drivers
L_00000239413f08b0 .functor BUFT 1, C4<00>, C4<0>, C4<0>, C4<0>;
v00000239413d4bf0_0 .net *"_ivl_516", 1 0, L_00000239413f08b0;  1 drivers
v00000239413d50f0_0 .net *"_ivl_517", 2 0, L_00000239413e5dd0;  1 drivers
v00000239413d61d0_0 .net *"_ivl_519", 2 0, L_00000239413e6000;  1 drivers
v00000239413d6270_0 .net *"_ivl_52", 2 0, L_00000239413d9550;  1 drivers
v00000239413d5550_0 .net *"_ivl_521", 2 0, L_00000239413e6070;  1 drivers
v00000239413d4290_0 .net *"_ivl_523", 2 0, L_00000239413e4550;  1 drivers
v00000239413d5ff0_0 .net *"_ivl_525", 2 0, L_00000239413e5580;  1 drivers
v00000239413d55f0_0 .net *"_ivl_528", 0 0, L_00000239413db080;  1 drivers
v00000239413d5690_0 .net *"_ivl_529", 2 0, L_00000239413dc2a0;  1 drivers
L_00000239413f08f8 .functor BUFT 1, C4<00>, C4<0>, C4<0>, C4<0>;
v00000239413d5370_0 .net *"_ivl_532", 1 0, L_00000239413f08f8;  1 drivers
v00000239413d68b0_0 .net *"_ivl_533", 2 0, L_00000239413e4fd0;  1 drivers
v00000239413d63b0_0 .net *"_ivl_535", 2 0, L_00000239413e5040;  1 drivers
v00000239413d4150_0 .net *"_ivl_537", 2 0, L_00000239413e4be0;  1 drivers
v00000239413d5190_0 .net *"_ivl_539", 2 0, L_00000239413e47f0;  1 drivers
v00000239413d5730_0 .net *"_ivl_54", 2 0, L_00000239413d9240;  1 drivers
v00000239413d41f0_0 .net *"_ivl_542", 0 0, L_00000239413db580;  1 drivers
v00000239413d45b0_0 .net *"_ivl_543", 2 0, L_00000239413daa40;  1 drivers
L_00000239413f0940 .functor BUFT 1, C4<00>, C4<0>, C4<0>, C4<0>;
v00000239413d4ab0_0 .net *"_ivl_546", 1 0, L_00000239413f0940;  1 drivers
v00000239413d4650_0 .net *"_ivl_547", 2 0, L_00000239413e5120;  1 drivers
v00000239413d4970_0 .net *"_ivl_549", 2 0, L_00000239413e44e0;  1 drivers
v00000239413d5870_0 .net *"_ivl_552", 0 0, L_00000239413daae0;  1 drivers
v00000239413d6310_0 .net *"_ivl_56", 2 0, L_00000239413d9400;  1 drivers
v00000239413d52d0_0 .net *"_ivl_58", 2 0, L_00000239413d96a0;  1 drivers
v00000239413d4b50_0 .net *"_ivl_6", 2 0, L_000002394136e270;  1 drivers
v00000239413d4c90_0 .net *"_ivl_60", 2 0, L_00000239413d9860;  1 drivers
v00000239413d5410_0 .net *"_ivl_63", 0 0, L_00000239413d7670;  1 drivers
v00000239413d4dd0_0 .net *"_ivl_64", 2 0, L_00000239413d7f30;  1 drivers
L_00000239413f0160 .functor BUFT 1, C4<00>, C4<0>, C4<0>, C4<0>;
v00000239413d4f10_0 .net *"_ivl_67", 1 0, L_00000239413f0160;  1 drivers
v00000239413d4fb0_0 .net *"_ivl_68", 2 0, L_00000239413d9470;  1 drivers
v00000239413d5910_0 .net *"_ivl_70", 2 0, L_00000239413d99b0;  1 drivers
v00000239413d59b0_0 .net *"_ivl_72", 2 0, L_00000239413d9390;  1 drivers
v00000239413d5a50_0 .net *"_ivl_74", 2 0, L_00000239413d9a90;  1 drivers
v00000239413d5af0_0 .net *"_ivl_76", 2 0, L_00000239413d9b00;  1 drivers
v00000239413d5cd0_0 .net *"_ivl_78", 2 0, L_00000239413d9e10;  1 drivers
v00000239413d6130_0 .net *"_ivl_8", 2 0, L_000002394136eeb0;  1 drivers
v00000239413d5d70_0 .net *"_ivl_81", 0 0, L_00000239413d7a30;  1 drivers
v00000239413d5f50_0 .net *"_ivl_82", 2 0, L_00000239413d6950;  1 drivers
L_00000239413f01a8 .functor BUFT 1, C4<00>, C4<0>, C4<0>, C4<0>;
v00000239413d6090_0 .net *"_ivl_85", 1 0, L_00000239413f01a8;  1 drivers
v00000239413d7ad0_0 .net *"_ivl_86", 2 0, L_00000239413d9cc0;  1 drivers
v00000239413d6a90_0 .net *"_ivl_88", 2 0, L_00000239413d94e0;  1 drivers
v00000239413d7490_0 .net *"_ivl_90", 2 0, L_00000239413d9a20;  1 drivers
v00000239413d7d50_0 .net *"_ivl_92", 2 0, L_00000239413d95c0;  1 drivers
v00000239413d7df0_0 .net *"_ivl_94", 2 0, L_00000239413d9b70;  1 drivers
v00000239413d73f0_0 .net *"_ivl_97", 0 0, L_00000239413d7b70;  1 drivers
v00000239413d77b0_0 .net *"_ivl_98", 2 0, L_00000239413d7710;  1 drivers
v00000239413d69f0_0 .net "f", 3 0, L_00000239413dd9c0;  1 drivers
o00000239413762b8 .functor BUFZ 4, C4<zzzz>; HiZ drive
v00000239413d6bd0_0 .net "i0", 3 0, o00000239413762b8;  0 drivers
o00000239413762e8 .functor BUFZ 4, C4<zzzz>; HiZ drive
v00000239413d6c70_0 .net "i1", 3 0, o00000239413762e8;  0 drivers
o0000023941376318 .functor BUFZ 4, C4<zzzz>; HiZ drive
v00000239413d7030_0 .net "i2", 3 0, o0000023941376318;  0 drivers
o0000023941376348 .functor BUFZ 4, C4<zzzz>; HiZ drive
v00000239413d7c10_0 .net "i3", 3 0, o0000023941376348;  0 drivers
o0000023941376378 .functor BUFZ 4, C4<zzzz>; HiZ drive
v00000239413d6b30_0 .net "i4", 3 0, o0000023941376378;  0 drivers
o00000239413763a8 .functor BUFZ 4, C4<zzzz>; HiZ drive
v00000239413d6d10_0 .net "i5", 3 0, o00000239413763a8;  0 drivers
o00000239413763d8 .functor BUFZ 4, C4<zzzz>; HiZ drive
v00000239413d7210_0 .net "i6", 3 0, o00000239413763d8;  0 drivers
o0000023941376408 .functor BUFZ 4, C4<zzzz>; HiZ drive
v00000239413d72b0_0 .net "i7", 3 0, o0000023941376408;  0 drivers
v00000239413d7530_0 .net "s0", 2 0, o0000023941376438;  0 drivers
v00000239413d6db0_0 .net "s1", 2 0, o0000023941376468;  0 drivers
v00000239413d7350_0 .net "s2", 2 0, o0000023941376498;  0 drivers
L_00000239413d7cb0 .part o00000239413762b8, 3, 1;
L_00000239413d7e90 .concat [ 1 2 0 0], L_00000239413d7cb0, L_00000239413f0088;
L_00000239413d7850 .part o00000239413762e8, 3, 1;
L_00000239413d6f90 .concat [ 1 2 0 0], L_00000239413d7850, L_00000239413f00d0;
L_00000239413d75d0 .part o0000023941376318, 3, 1;
L_00000239413d7fd0 .concat [ 1 2 0 0], L_00000239413d75d0, L_00000239413f0118;
L_00000239413d7670 .part o0000023941376348, 3, 1;
L_00000239413d7f30 .concat [ 1 2 0 0], L_00000239413d7670, L_00000239413f0160;
L_00000239413d7a30 .part o0000023941376378, 3, 1;
L_00000239413d6950 .concat [ 1 2 0 0], L_00000239413d7a30, L_00000239413f01a8;
L_00000239413d7b70 .part o00000239413763a8, 3, 1;
L_00000239413d7710 .concat [ 1 2 0 0], L_00000239413d7b70, L_00000239413f01f0;
L_00000239413d6e50 .part o00000239413763d8, 3, 1;
L_00000239413d6ef0 .concat [ 1 2 0 0], L_00000239413d6e50, L_00000239413f0238;
L_00000239413d70d0 .part o0000023941376408, 3, 1;
L_00000239413d7170 .concat [ 1 2 0 0], L_00000239413d70d0, L_00000239413f0280;
L_00000239413d78f0 .part L_00000239413d9d30, 0, 1;
L_00000239413d7990 .part o00000239413762b8, 2, 1;
L_00000239413dd380 .concat [ 1 2 0 0], L_00000239413d7990, L_00000239413f02c8;
L_00000239413ddce0 .part o00000239413762e8, 2, 1;
L_00000239413dcca0 .concat [ 1 2 0 0], L_00000239413ddce0, L_00000239413f0310;
L_00000239413ddc40 .part o0000023941376318, 2, 1;
L_00000239413dd100 .concat [ 1 2 0 0], L_00000239413ddc40, L_00000239413f0358;
L_00000239413ddd80 .part o0000023941376348, 2, 1;
L_00000239413ddec0 .concat [ 1 2 0 0], L_00000239413ddd80, L_00000239413f03a0;
L_00000239413dd1a0 .part o0000023941376378, 2, 1;
L_00000239413dcac0 .concat [ 1 2 0 0], L_00000239413dd1a0, L_00000239413f03e8;
L_00000239413dc980 .part o00000239413763a8, 2, 1;
L_00000239413ddba0 .concat [ 1 2 0 0], L_00000239413dc980, L_00000239413f0430;
L_00000239413dd2e0 .part o00000239413763d8, 2, 1;
L_00000239413dde20 .concat [ 1 2 0 0], L_00000239413dd2e0, L_00000239413f0478;
L_00000239413dd420 .part o0000023941376408, 2, 1;
L_00000239413dca20 .concat [ 1 2 0 0], L_00000239413dd420, L_00000239413f04c0;
L_00000239413ddf60 .part L_00000239413de6c0, 0, 1;
L_00000239413dd4c0 .part o00000239413762b8, 1, 1;
L_00000239413dcb60 .concat [ 1 2 0 0], L_00000239413dd4c0, L_00000239413f0508;
L_00000239413dce80 .part o00000239413762e8, 1, 1;
L_00000239413dd560 .concat [ 1 2 0 0], L_00000239413dce80, L_00000239413f0550;
L_00000239413dcf20 .part o0000023941376318, 1, 1;
L_00000239413dd880 .concat [ 1 2 0 0], L_00000239413dcf20, L_00000239413f0598;
L_00000239413dcfc0 .part o0000023941376348, 1, 1;
L_00000239413dcd40 .concat [ 1 2 0 0], L_00000239413dcfc0, L_00000239413f05e0;
L_00000239413dd240 .part o0000023941376378, 1, 1;
L_00000239413dd060 .concat [ 1 2 0 0], L_00000239413dd240, L_00000239413f0628;
L_00000239413dcde0 .part o00000239413763a8, 1, 1;
L_00000239413dd600 .concat [ 1 2 0 0], L_00000239413dcde0, L_00000239413f0670;
L_00000239413dd6a0 .part o00000239413763d8, 1, 1;
L_00000239413dd740 .concat [ 1 2 0 0], L_00000239413dd6a0, L_00000239413f06b8;
L_00000239413dd920 .part o0000023941376408, 1, 1;
L_00000239413dd7e0 .concat [ 1 2 0 0], L_00000239413dd920, L_00000239413f0700;
L_00000239413dcc00 .part L_00000239413e34d0, 0, 1;
L_00000239413dd9c0 .concat8 [ 1 1 1 1], L_00000239413daae0, L_00000239413dcc00, L_00000239413ddf60, L_00000239413d78f0;
L_00000239413de000 .part o00000239413762b8, 0, 1;
L_00000239413dda60 .concat [ 1 2 0 0], L_00000239413de000, L_00000239413f0748;
L_00000239413ddb00 .part o00000239413762e8, 0, 1;
L_00000239413da180 .concat [ 1 2 0 0], L_00000239413ddb00, L_00000239413f0790;
L_00000239413da540 .part o0000023941376318, 0, 1;
L_00000239413dc200 .concat [ 1 2 0 0], L_00000239413da540, L_00000239413f07d8;
L_00000239413db4e0 .part o0000023941376348, 0, 1;
L_00000239413da9a0 .concat [ 1 2 0 0], L_00000239413db4e0, L_00000239413f0820;
L_00000239413dc660 .part o0000023941376378, 0, 1;
L_00000239413da220 .concat [ 1 2 0 0], L_00000239413dc660, L_00000239413f0868;
L_00000239413da900 .part o00000239413763a8, 0, 1;
L_00000239413dbe40 .concat [ 1 2 0 0], L_00000239413da900, L_00000239413f08b0;
L_00000239413db080 .part o00000239413763d8, 0, 1;
L_00000239413dc2a0 .concat [ 1 2 0 0], L_00000239413db080, L_00000239413f08f8;
L_00000239413db580 .part o0000023941376408, 0, 1;
L_00000239413daa40 .concat [ 1 2 0 0], L_00000239413db580, L_00000239413f0940;
L_00000239413daae0 .part L_00000239413e44e0, 0, 1;
# The file index is used to find the file name in the following table.
:file_names 3;
    "N/A";
    "<interactive>";
    ".\mux8x1_4b.v";
